0 info it worked if it ends with ok
1 verbose cli [ '/usr/local/bin/node', '/usr/local/bin/npm', 'run', 'compile' ]
2 info using npm@4.1.2
3 info using node@v7.6.0
4 verbose run-script [ 'precompile', 'compile', 'postcompile' ]
5 info lifecycle Cairo.wasm@1.0.0~precompile: Cairo.wasm@1.0.0
6 silly lifecycle Cairo.wasm@1.0.0~precompile: no script for precompile, continuing
7 info lifecycle Cairo.wasm@1.0.0~compile: Cairo.wasm@1.0.0
8 verbose lifecycle Cairo.wasm@1.0.0~compile: unsafe-perm in lifecycle true
9 verbose lifecycle Cairo.wasm@1.0.0~compile: PATH: /usr/local/lib/node_modules/npm/bin/node-gyp-bin:/Users/ckimchris/Documents/Code/emsdk/Cairo.wasm/node_modules/.bin:/opt/local/bin:/opt/local/sbin:/Library/Frameworks/Python.framework/Versions/2.7/bin:/Library/Frameworks/Python.framework/Versions/2.7/bin:/usr/local/bin:/usr/bin:/bin:/usr/sbin:/sbin:/opt/X11/bin
10 verbose lifecycle Cairo.wasm@1.0.0~compile: CWD: /Users/ckimchris/Documents/Code/emsdk/Cairo.wasm
11 silly lifecycle Cairo.wasm@1.0.0~compile: Args: [ '-c',
11 silly lifecycle   'source ../emsdk_env.sh --build=Release & echo Building... & emcc -o ./dist/appWASM.js ./dev/cpp/emscripten.cpp -O3 -s ALLOW_MEMORY_GROWTH=1 -s WASM=1 -s NO_EXIT_RUNTIME=1 -std=c++1z' ]
12 info lifecycle Cairo.wasm@1.0.0~compile: Failed to exec compile script
13 verbose stack Error: Cairo.wasm@1.0.0 compile: `source ../emsdk_env.sh --build=Release & echo Building... & emcc -o ./dist/appWASM.js ./dev/cpp/emscripten.cpp -O3 -s ALLOW_MEMORY_GROWTH=1 -s WASM=1 -s NO_EXIT_RUNTIME=1 -std=c++1z`
13 verbose stack spawn ENOENT
13 verbose stack     at ChildProcess.<anonymous> (/usr/local/lib/node_modules/npm/lib/utils/spawn.js:33:16)
13 verbose stack     at emitTwo (events.js:106:13)
13 verbose stack     at ChildProcess.emit (events.js:192:7)
13 verbose stack     at maybeClose (internal/child_process.js:890:16)
13 verbose stack     at Process.ChildProcess._handle.onexit (internal/child_process.js:226:5)
14 verbose pkgid Cairo.wasm@1.0.0
15 verbose cwd /Users/ckimchris/Documents/Code/emsdk/Cairo.wasm
16 error Darwin 16.1.0
17 error argv "/usr/local/bin/node" "/usr/local/bin/npm" "run" "compile"
18 error node v7.6.0
19 error npm  v4.1.2
20 error file sh
21 error code ELIFECYCLE
22 error errno ENOENT
23 error syscall spawn
24 error Cairo.wasm@1.0.0 compile: `source ../emsdk_env.sh --build=Release & echo Building... & emcc -o ./dist/appWASM.js ./dev/cpp/emscripten.cpp -O3 -s ALLOW_MEMORY_GROWTH=1 -s WASM=1 -s NO_EXIT_RUNTIME=1 -std=c++1z`
24 error spawn ENOENT
25 error Failed at the Cairo.wasm@1.0.0 compile script 'source ../emsdk_env.sh --build=Release & echo Building... & emcc -o ./dist/appWASM.js ./dev/cpp/emscripten.cpp -O3 -s ALLOW_MEMORY_GROWTH=1 -s WASM=1 -s NO_EXIT_RUNTIME=1 -std=c++1z'.
25 error Make sure you have the latest version of node.js and npm installed.
25 error If you do, this is most likely a problem with the Cairo.wasm package,
25 error not with npm itself.
25 error Tell the author that this fails on your system:
25 error     source ../emsdk_env.sh --build=Release & echo Building... & emcc -o ./dist/appWASM.js ./dev/cpp/emscripten.cpp -O3 -s ALLOW_MEMORY_GROWTH=1 -s WASM=1 -s NO_EXIT_RUNTIME=1 -std=c++1z
25 error You can get information on how to open an issue for this project with:
25 error     npm bugs Cairo.wasm
25 error Or if that isn't available, you can get their info via:
25 error     npm owner ls Cairo.wasm
25 error There is likely additional logging output above.
26 verbose exit [ 1, true ]
